{"C:\\Work\\Estudos\\api-spotify\\back-api-spotify\\src\\app.js": {"path":"C:\\Work\\Estudos\\api-spotify\\back-api-spotify\\src\\app.js","statementMap":{"0":{"start":{"line":8,"column":12},"end":{"line":8,"column":21}},"1":{"start":{"line":9,"column":0},"end":{"line":9,"column":24}},"2":{"start":{"line":10,"column":0},"end":{"line":10,"column":12}}},"fnMap":{},"branchMap":{},"s":{"0":1,"1":1,"2":1},"f":{},"b":{},"_coverageSchema":"1a1c01bbd47fc00a2c39e90264f33305004495a9","hash":"94bdf1386d6a1f9d13bad7b634dcacbd3acffd33"}
,"C:\\Work\\Estudos\\api-spotify\\back-api-spotify\\src\\controllers\\albumsController.js": {"path":"C:\\Work\\Estudos\\api-spotify\\back-api-spotify\\src\\controllers\\albumsController.js","statementMap":{"0":{"start":{"line":3,"column":18},"end":{"line":5,"column":1}},"1":{"start":{"line":4,"column":4},"end":{"line":4,"column":65}},"2":{"start":{"line":8,"column":26},"end":{"line":32,"column":5}},"3":{"start":{"line":10,"column":26},"end":{"line":10,"column":45}},"4":{"start":{"line":11,"column":23},"end":{"line":21,"column":14}},"5":{"start":{"line":20,"column":16},"end":{"line":20,"column":29}},"6":{"start":{"line":24,"column":8},"end":{"line":31,"column":9}},"7":{"start":{"line":25,"column":12},"end":{"line":25,"column":77}},"8":{"start":{"line":26,"column":12},"end":{"line":26,"column":52}},"9":{"start":{"line":27,"column":14},"end":{"line":31,"column":9}},"10":{"start":{"line":28,"column":12},"end":{"line":28,"column":136}},"11":{"start":{"line":29,"column":14},"end":{"line":31,"column":9}},"12":{"start":{"line":30,"column":12},"end":{"line":30,"column":143}}},"fnMap":{"0":{"name":"(anonymous_0)","decl":{"start":{"line":3,"column":18},"end":{"line":3,"column":19}},"loc":{"start":{"line":3,"column":26},"end":{"line":5,"column":1}},"line":3},"1":{"name":"(anonymous_1)","decl":{"start":{"line":8,"column":26},"end":{"line":8,"column":27}},"loc":{"start":{"line":8,"column":46},"end":{"line":32,"column":5}},"line":8},"2":{"name":"(anonymous_2)","decl":{"start":{"line":19,"column":19},"end":{"line":19,"column":20}},"loc":{"start":{"line":19,"column":36},"end":{"line":21,"column":13}},"line":19}},"branchMap":{"0":{"loc":{"start":{"line":24,"column":8},"end":{"line":31,"column":9}},"type":"if","locations":[{"start":{"line":24,"column":8},"end":{"line":31,"column":9}},{"start":{"line":27,"column":14},"end":{"line":31,"column":9}}],"line":24},"1":{"loc":{"start":{"line":27,"column":14},"end":{"line":31,"column":9}},"type":"if","locations":[{"start":{"line":27,"column":14},"end":{"line":31,"column":9}},{"start":{"line":29,"column":14},"end":{"line":31,"column":9}}],"line":27},"2":{"loc":{"start":{"line":29,"column":14},"end":{"line":31,"column":9}},"type":"if","locations":[{"start":{"line":29,"column":14},"end":{"line":31,"column":9}},{"start":{},"end":{}}],"line":29}},"s":{"0":1,"1":3,"2":1,"3":3,"4":3,"5":2,"6":3,"7":1,"8":1,"9":2,"10":1,"11":1,"12":1},"f":{"0":3,"1":3,"2":2},"b":{"0":[1,2],"1":[1,1],"2":[1,0]},"_coverageSchema":"1a1c01bbd47fc00a2c39e90264f33305004495a9","hash":"324bf9eb5cef632942089e2db4c913b327fc3510"}
,"C:\\Work\\Estudos\\api-spotify\\back-api-spotify\\src\\controllers\\mockApiSpotify.js": {"path":"C:\\Work\\Estudos\\api-spotify\\back-api-spotify\\src\\controllers\\mockApiSpotify.js","statementMap":{"0":{"start":{"line":1,"column":28},"end":{"line":1621,"column":1}}},"fnMap":{},"branchMap":{},"s":{"0":1},"f":{},"b":{},"_coverageSchema":"1a1c01bbd47fc00a2c39e90264f33305004495a9","hash":"72646e8af0da6efcfa3f9febc9cf2352dce291a6"}
,"C:\\Work\\Estudos\\api-spotify\\back-api-spotify\\src\\routes\\albumsRoutes.js": {"path":"C:\\Work\\Estudos\\api-spotify\\back-api-spotify\\src\\routes\\albumsRoutes.js","statementMap":{"0":{"start":{"line":5,"column":15},"end":{"line":5,"column":31}},"1":{"start":{"line":7,"column":0},"end":{"line":8,"column":57}}},"fnMap":{},"branchMap":{},"s":{"0":1,"1":1},"f":{},"b":{},"_coverageSchema":"1a1c01bbd47fc00a2c39e90264f33305004495a9","hash":"7febc63cfc13404ce9e99b66a00f6137c93331b1"}
,"C:\\Work\\Estudos\\api-spotify\\back-api-spotify\\src\\routes\\index.js": {"path":"C:\\Work\\Estudos\\api-spotify\\back-api-spotify\\src\\routes\\index.js","statementMap":{"0":{"start":{"line":4,"column":15},"end":{"line":13,"column":1}},"1":{"start":{"line":5,"column":4},"end":{"line":7,"column":6}},"2":{"start":{"line":6,"column":8},"end":{"line":6,"column":74}},"3":{"start":{"line":9,"column":4},"end":{"line":12,"column":5}}},"fnMap":{"0":{"name":"(anonymous_0)","decl":{"start":{"line":4,"column":15},"end":{"line":4,"column":16}},"loc":{"start":{"line":4,"column":24},"end":{"line":13,"column":1}},"line":4},"1":{"name":"(anonymous_1)","decl":{"start":{"line":5,"column":23},"end":{"line":5,"column":24}},"loc":{"start":{"line":5,"column":34},"end":{"line":7,"column":5}},"line":5}},"branchMap":{},"s":{"0":1,"1":1,"2":0,"3":1},"f":{"0":1,"1":0},"b":{},"_coverageSchema":"1a1c01bbd47fc00a2c39e90264f33305004495a9","hash":"1a8ae2636dba7d7b9ded002a50cb27e666813272"}
}
