TN:
SF:src\app.js
FNF:0
FNH:0
DA:8,1
DA:9,1
DA:10,1
LF:3
LH:3
BRF:0
BRH:0
end_of_record
TN:
SF:src\controllers\albumsController.js
FN:3,(anonymous_0)
FN:8,(anonymous_1)
FN:19,(anonymous_2)
FNF:3
FNH:3
FNDA:3,(anonymous_0)
FNDA:3,(anonymous_1)
FNDA:2,(anonymous_2)
DA:3,1
DA:4,3
DA:8,1
DA:10,3
DA:11,3
DA:20,2
DA:24,3
DA:25,1
DA:26,1
DA:27,2
DA:28,1
DA:29,1
DA:30,1
LF:13
LH:13
BRDA:24,0,0,1
BRDA:24,0,1,2
BRDA:27,1,0,1
BRDA:27,1,1,1
BRDA:29,2,0,1
BRDA:29,2,1,0
BRF:6
BRH:5
end_of_record
TN:
SF:src\controllers\mockApiSpotify.js
FNF:0
FNH:0
DA:1,1
LF:1
LH:1
BRF:0
BRH:0
end_of_record
TN:
SF:src\routes\albumsRoutes.js
FNF:0
FNH:0
DA:5,1
DA:7,1
LF:2
LH:2
BRF:0
BRH:0
end_of_record
TN:
SF:src\routes\index.js
FN:4,(anonymous_0)
FN:5,(anonymous_1)
FNF:2
FNH:1
FNDA:1,(anonymous_0)
FNDA:0,(anonymous_1)
DA:4,1
DA:5,1
DA:6,0
DA:9,1
LF:4
LH:3
BRF:0
BRH:0
end_of_record
